<?xml version="1.0" encoding="UTF-8"?>
<testsuite xmlns:xsi="http://www.w3.org/2001/XMLSchema-instance" xsi:noNamespaceSchemaLocation="https://maven.apache.org/surefire/maven-surefire-plugin/xsd/surefire-test-report.xsd" version="3.0.2" name="com.softserve.technical_test.infrastructure.rest.StringControllerEndToEndTest" time="2.818" tests="1" errors="0" skipped="0" failures="0">
  <properties>
[...]
</properties>
  <testcase name="testCreateUniqueStringEndToEnd" classname="com.softserve.technical_test.infrastructure.rest.StringControllerEndToEndTest" time="0.882">
    <system-out><![CDATA[10:51:39.255 [main] INFO org.springframework.test.context.support.AnnotationConfigContextLoaderUtils -- Could not detect default configuration classes for test class [com.softserve.technical_test.infrastructure.rest.StringControllerEndToEndTest]: StringControllerEndToEndTest does not declare any static, non-private, non-final, nested classes annotated with @Configuration.
10:51:39.353 [main] INFO org.springframework.boot.test.context.SpringBootTestContextBootstrapper -- Found @SpringBootConfiguration com.softserve.technical_test.TechnicalTestApplication for test class com.softserve.technical_test.infrastructure.rest.StringControllerEndToEndTest

  .   ____          _            __ _ _
 /\\ / ___'_ __ _ _(_)_ __  __ _ \ \ \ \
( ( )\___ | '_ | '_| | '_ \/ _` | \ \ \ \
 \\/  ___)| |_)| | | | | || (_| |  ) ) ) )
  '  |____| .__|_| |_|_| |_\__, | / / / /
 =========|_|==============|___/=/_/_/_/

 :: Spring Boot ::                (v3.4.3)

2025-02-24T10:51:39.705-05:00  INFO 447153 --- [technical-test] [           main] c.s.t.i.r.StringControllerEndToEndTest   : Starting StringControllerEndToEndTest using Java 17.0.12 with PID 447153 (started by carlos in /home/carlos/desarrollo/SoftServe/technical-test)
2025-02-24T10:51:39.707-05:00  INFO 447153 --- [technical-test] [           main] c.s.t.i.r.StringControllerEndToEndTest   : No active profile set, falling back to 1 default profile: "default"
2025-02-24T10:51:40.511-05:00  INFO 447153 --- [technical-test] [           main] o.s.b.w.embedded.tomcat.TomcatWebServer  : Tomcat initialized with port 0 (http)
2025-02-24T10:51:40.522-05:00  INFO 447153 --- [technical-test] [           main] o.apache.catalina.core.StandardService   : Starting service [Tomcat]
2025-02-24T10:51:40.522-05:00  INFO 447153 --- [technical-test] [           main] o.apache.catalina.core.StandardEngine    : Starting Servlet engine: [Apache Tomcat/10.1.36]
2025-02-24T10:51:40.552-05:00  INFO 447153 --- [technical-test] [           main] o.a.c.c.C.[Tomcat].[localhost].[/]       : Initializing Spring embedded WebApplicationContext
2025-02-24T10:51:40.553-05:00  INFO 447153 --- [technical-test] [           main] w.s.c.ServletWebServerApplicationContext : Root WebApplicationContext: initialization completed in 830 ms
2025-02-24T10:51:41.054-05:00  INFO 447153 --- [technical-test] [           main] o.s.b.w.embedded.tomcat.TomcatWebServer  : Tomcat started on port 35119 (http) with context path '/'
2025-02-24T10:51:41.063-05:00  INFO 447153 --- [technical-test] [           main] c.s.t.i.r.StringControllerEndToEndTest   : Started StringControllerEndToEndTest in 1.615 seconds (process running for 2.351)
2025-02-24T10:51:41.819-05:00  INFO 447153 --- [technical-test] [o-auto-1-exec-1] o.a.c.c.C.[Tomcat].[localhost].[/]       : Initializing Spring DispatcherServlet 'dispatcherServlet'
2025-02-24T10:51:41.819-05:00  INFO 447153 --- [technical-test] [o-auto-1-exec-1] o.s.web.servlet.DispatcherServlet        : Initializing Servlet 'dispatcherServlet'
2025-02-24T10:51:41.820-05:00  INFO 447153 --- [technical-test] [o-auto-1-exec-1] o.s.web.servlet.DispatcherServlet        : Completed initialization in 1 ms
]]></system-out>
  </testcase>
</testsuite>